<?xml version="1.0" encoding="UTF-8"?>
<!-- Generated by org.testng.reporters.JUnitReportReporter -->
<testsuite skipped="0" hostname="ojt-PC" name="DriverFactory.AppTest" tests="1" failures="0" timestamp="24 Sep 2019 06:02:05 GMT" time="33.321" errors="0">
  <testcase name="kickStart" time="33.321" classname="DriverFactory.AppTest"/>
</testsuite> <!-- DriverFactory.AppTest -->
