<?xml version="1.0" encoding="UTF-8"?>
<!-- Generated by org.testng.reporters.JUnitReportReporter -->
<testsuite skipped="0" hostname="ojt-PC" name="stock.AppTest" tests="1" failures="0" timestamp="23 Sep 2019 07:57:17 GMT" time="0.001" errors="0">
  <testcase name="testApp" time="0.001" classname="stock.AppTest"/>
</testsuite> <!-- stock.AppTest -->
