<?xml version="1.0" encoding="UTF-8"?>
<!-- Generated by org.testng.reporters.JUnitReportReporter -->
<testsuite skipped="0" hostname="ojt-PC" name="com.TestNG.FirstTestNg" tests="2" failures="0" timestamp="14 Sep 2019 06:09:35 GMT" time="0.013" errors="0">
  <testcase name="second" time="0.003" classname="com.TestNG.FirstTestNg"/>
  <testcase name="megha" time="0.010" classname="com.TestNG.FirstTestNg"/>
</testsuite> <!-- com.TestNG.FirstTestNg -->
