<?xml version="1.0" encoding="UTF-8"?>
<!-- Generated by org.testng.reporters.JUnitReportReporter -->
<testsuite skipped="0" hostname="ojt-PC" name="com.TestNG.GroupTest1" tests="3" failures="0" timestamp="16 Sep 2019 06:09:04 GMT" time="0.020" errors="0">
  <testcase name="firstMethod" time="0.011" classname="com.TestNG.GroupTest1"/>
  <testcase name="secondMethod" time="0.002" classname="com.TestNG.GroupTest1"/>
  <testcase name="thridMethod" time="0.007" classname="com.TestNG.GroupTest1"/>
</testsuite> <!-- com.TestNG.GroupTest1 -->
