<?xml version="1.0" encoding="UTF-8"?>
<!-- Generated by org.testng.reporters.JUnitReportReporter -->
<testsuite skipped="0" hostname="ojt-PC" name="DriverFactory.AppTest" tests="1" failures="0" timestamp="23 Sep 2019 07:05:25 GMT" time="14.817" errors="0">
  <testcase name="kickStart" time="14.817" classname="DriverFactory.AppTest"/>
</testsuite> <!-- DriverFactory.AppTest -->
