<?xml version="1.0" encoding="UTF-8"?>
<!-- Generated by org.testng.reporters.JUnitReportReporter -->
<testsuite skipped="1" hostname="ojt-PC" name="com.TestNG.ParametersTesting" tests="1" failures="0" timestamp="16 Sep 2019 07:06:25 GMT" time="0.000" errors="0">
  <testcase name="appLogin" time="0.000" classname="com.TestNG.ParametersTesting">
    <skipped/>
  </testcase> <!-- appLogin -->
</testsuite> <!-- com.TestNG.ParametersTesting -->
